{"/Users/minhchaulai/Documents/messaging-api/src/clients/PostgresClient/PostgresClient.ts": {"path":"/Users/minhchaulai/Documents/messaging-api/src/clients/PostgresClient/PostgresClient.ts","statementMap":{"0":{"start":{"line":1,"column":0},"end":{"line":1,"column":26}},"1":{"start":{"line":9,"column":8},"end":{"line":9,"column":98}},"2":{"start":{"line":10,"column":8},"end":{"line":13,"column":11}},"3":{"start":{"line":17,"column":8},"end":{"line":25,"column":83}},"4":{"start":{"line":26,"column":8},"end":{"line":30,"column":15}},"5":{"start":{"line":27,"column":27},"end":{"line":27,"column":56}},"6":{"start":{"line":29,"column":16},"end":{"line":29,"column":37}},"7":{"start":{"line":34,"column":8},"end":{"line":38,"column":null}},"8":{"start":{"line":35,"column":12},"end":{"line":35,"column":66}},"9":{"start":{"line":37,"column":12},"end":{"line":37,"column":24}},"10":{"start":{"line":3,"column":0},"end":{"line":3,"column":13}}},"fnMap":{"0":{"name":"(anonymous_0)","decl":{"start":{"line":8,"column":4},"end":{"line":8,"column":null}},"loc":{"start":{"line":8,"column":4},"end":{"line":31,"column":5}}},"1":{"name":"(anonymous_1)","decl":{"start":{"line":27,"column":18},"end":{"line":27,"column":19}},"loc":{"start":{"line":27,"column":27},"end":{"line":27,"column":56}}},"2":{"name":"(anonymous_2)","decl":{"start":{"line":28,"column":19},"end":{"line":28,"column":20}},"loc":{"start":{"line":28,"column":29},"end":{"line":30,"column":13}}},"3":{"name":"(anonymous_3)","decl":{"start":{"line":33,"column":4},"end":{"line":33,"column":9}},"loc":{"start":{"line":33,"column":54},"end":{"line":39,"column":5}}}},"branchMap":{"0":{"loc":{"start":{"line":9,"column":27},"end":{"line":9,"column":51}},"type":"binary-expr","locations":[{"start":{"line":9,"column":27},"end":{"line":9,"column":51}},{"start":{"line":9,"column":55},"end":{"line":9,"column":97}}]}},"s":{"0":1,"1":2,"2":2,"3":2,"4":2,"5":1,"6":1,"7":2,"8":2,"9":1,"10":1},"f":{"0":2,"1":1,"2":1,"3":2},"b":{"0":[2,2]}}
}
